Login delay is 5
Starting transaction: Navigation to to the application dashboard
Ending transaction : Navigation to to the application dashboard with Status: Pass
Transaction : Navigation to to the application dashboard Transaction Time in secs:15.6317
Starting transaction: Closing The Browser after each Scenarion
Ending transaction : Closing The Browser after each Scenarion with Status: Pass
Transaction : Closing The Browser after each Scenarion Transaction Time in secs:2.8837
Closed ...
Login delay is 5
Starting transaction: Navigation to to the application dashboard
Ending transaction : Navigation to to the application dashboard with Status: Pass
Transaction : Navigation to to the application dashboard Transaction Time in secs:15.5985
Starting transaction: Closing The Browser after each Scenarion
Ending transaction : Closing The Browser after each Scenarion with Status: Pass
Transaction : Closing The Browser after each Scenarion Transaction Time in secs:2.6644
Closed ...
Login delay is 5
Starting transaction: Navigation to to the application dashboard
Ending transaction : Navigation to to the application dashboard with Status: Pass
Transaction : Navigation to to the application dashboard Transaction Time in secs:15.8527
Starting transaction: Closing The Browser after each Scenarion
