Login delay is 5
Starting transaction: Navigation to to the application dashboard
Ending transaction : Navigation to to the application dashboard with Status: Pass
Transaction : Navigation to to the application dashboard Transaction Time in secs:10.0394
Starting transaction: Closing The Browser after each Scenarion
Ending transaction : Closing The Browser after each Scenarion with Status: Pass
Transaction : Closing The Browser after each Scenarion Transaction Time in secs:1.2069
Closed ...
Login delay is 5
Starting transaction: Navigation to to the application dashboard
Ending transaction : Navigation to to the application dashboard with Status: Pass
Transaction : Navigation to to the application dashboard Transaction Time in secs:10.0548
Starting transaction: Closing The Browser after each Scenarion
Ending transaction : Closing The Browser after each Scenarion with Status: Pass
Transaction : Closing The Browser after each Scenarion Transaction Time in secs:1.1966
Closed ...
Login delay is 5
Starting transaction: Navigation to to the application dashboard
Ending transaction : Navigation to to the application dashboard with Status: Pass
Transaction : Navigation to to the application dashboard Transaction Time in secs:10.0553
Starting transaction: Closing The Browser after each Scenarion
