Login delay is 5
Starting transaction: Navigation to to the application dashboard
Step failed - capturing screen
./execution_results/Result-2021-11-04-13-42-49/RESULTS_1/2021-11-04 1-11-05_Screenshot.jpg
Starting transaction: Closing The Browser after each Scenarion
Step failed - capturing screen
./execution_results/Result-2021-11-04-13-42-49/RESULTS_1/2021-11-04 1-11-05_Screenshot.jpg
Starting transaction: Closing The Browser after each Scenarion
Ending transaction : Closing The Browser after each Scenarion with Status: Pass
Transaction : Closing The Browser after each Scenarion Transaction Time in secs:5.0181
Closed ...
Ending transaction : Closing The Browser after each Scenarion with Status: Pass
Transaction : Closing The Browser after each Scenarion Transaction Time in secs:5.0426
Closed ...
Login delay is 5
Login delay is 5
Ending transaction : Closing The Browser after each Scenarion with Status: Pass
Transaction : Navigation to to the application dashboard Transaction Time in secs:8.2270
Step failed - capturing screen
./execution_results/Result-2021-11-04-13-42-49/RESULTS_1/2021-11-04 1-11-17_Screenshot.jpg
Starting transaction: Closing The Browser after each Scenarion
Screenshot error: Error: page.screenshot: Target page, context or browser has been closed
