Login delay is 5
Starting transaction: Navigation to to the application dashboard
Step failed - capturing screen
./execution_results/Result-2021-11-02-13-30-23/RESULTS_1/2021-11-02 1-11-39_Screenshot.jpg
Starting transaction: Closing The Browser after each Scenarion
Step failed - capturing screen
./execution_results/Result-2021-11-02-13-30-23/RESULTS_1/2021-11-02 1-11-39_Screenshot.jpg
Starting transaction: Closing The Browser after each Scenarion
Ending transaction : Closing The Browser after each Scenarion with Status: Pass
Transaction : Closing The Browser after each Scenarion Transaction Time in secs:1.0062
Closed ...
Ending transaction : Closing The Browser after each Scenarion with Status: Pass
Transaction : Closing The Browser after each Scenarion Transaction Time in secs:1.1194
Closed ...
Login delay is 5
Login delay is 5
Starting transaction: Navigation to to the application dashboard
Step failed - capturing screen
./execution_results/Result-2021-11-02-13-30-23/RESULTS_1/2021-11-02 1-11-57_Screenshot.jpg
Starting transaction: Closing The Browser after each Scenarion
