Login delay is 5
Starting transaction: Navigation to to the application dashboard
Step failed - capturing screen
./execution_results/Result-2021-11-11-13-05-27/RESULTS_1/2021-11-11 1-11-44_Screenshot.jpg
Starting transaction: Closing The Browser after each Scenarion
Step failed - capturing screen
./execution_results/Result-2021-11-11-13-05-27/RESULTS_1/2021-11-11 1-11-44_Screenshot.jpg
Starting transaction: Closing The Browser after each Scenarion
Ending transaction : Closing The Browser after each Scenarion with Status: Pass
Transaction : Closing The Browser after each Scenarion Transaction Time in secs:2.0316
Closed ...
Ending transaction : Closing The Browser after each Scenarion with Status: Pass
Transaction : Closing The Browser after each Scenarion Transaction Time in secs:2.0942
Closed ...
Login delay is 5
Login delay is 5
Starting transaction: Navigation to to the application dashboard
Starting transaction: Navigation to to the application dashboard
Step failed - capturing screen
./execution_results/Result-2021-11-11-13-05-27/RESULTS_1/2021-11-11 1-11-02_Screenshot.jpg
Starting transaction: Closing The Browser after each Scenarion
