Login delay is 5
Starting transaction: Navigation to to the application dashboard
Step failed - capturing screen
./execution_results/Result-2021-11-10-10-53-19/RESULTS_1/2021-11-10 10-11-36_Screenshot.jpg
Starting transaction: Closing The Browser after each Scenarion
Step failed - capturing screen
./execution_results/Result-2021-11-10-10-53-19/RESULTS_1/2021-11-10 10-11-36_Screenshot.jpg
Starting transaction: Closing The Browser after each Scenarion
Ending transaction : Closing The Browser after each Scenarion with Status: Pass
Transaction : Closing The Browser after each Scenarion Transaction Time in secs:2.0086
Closed ...
Ending transaction : Closing The Browser after each Scenarion with Status: Pass
Transaction : Closing The Browser after each Scenarion Transaction Time in secs:2.0898
Closed ...
Login delay is 5
Login delay is 5
Starting transaction: Navigation to to the application dashboard
Step failed - capturing screen
./execution_results/Result-2021-11-10-10-53-19/RESULTS_1/2021-11-10 10-11-52_Screenshot.jpg
Starting transaction: Closing The Browser after each Scenarion
