Login delay is 5
Starting transaction: Navigation to to the application dashboard
Ending transaction : Navigation to to the application dashboard with Status: Pass
Transaction : Navigation to to the application dashboard Transaction Time in secs:11.8375
Starting transaction: Closing The Browser after each Scenarion
Ending transaction : Closing The Browser after each Scenarion with Status: Pass
Transaction : Closing The Browser after each Scenarion Transaction Time in secs:2.6824
Closed ...
Login delay is 5
Starting transaction: Navigation to to the application dashboard
Ending transaction : Navigation to to the application dashboard with Status: Pass
Transaction : Navigation to to the application dashboard Transaction Time in secs:11.8124
Starting transaction: Closing The Browser after each Scenarion
Ending transaction : Closing The Browser after each Scenarion with Status: Pass
Transaction : Closing The Browser after each Scenarion Transaction Time in secs:2.6337
Closed ...
Login delay is 5
Starting transaction: Navigation to to the application dashboard
Ending transaction : Navigation to to the application dashboard with Status: Pass
Transaction : Navigation to to the application dashboard Transaction Time in secs:11.7872
Starting transaction: Closing The Browser after each Scenarion
Ending transaction : Closing The Browser after each Scenarion with Status: Pass
Transaction : Closing The Browser after each Scenarion Transaction Time in secs:2.6480
Closed ...
Login delay is 5
Starting transaction: Navigation to to the application dashboard
Ending transaction : Navigation to to the application dashboard with Status: Pass
Transaction : Navigation to to the application dashboard Transaction Time in secs:12.0072
Starting transaction: Closing The Browser after each Scenarion
Ending transaction : Closing The Browser after each Scenarion with Status: Pass
Transaction : Closing The Browser after each Scenarion Transaction Time in secs:2.6680
Closed ...
Login delay is 5
Starting transaction: Navigation to to the application dashboard
Ending transaction : Navigation to to the application dashboard with Status: Pass
Transaction : Navigation to to the application dashboard Transaction Time in secs:11.7301
Starting transaction: Closing The Browser after each Scenarion
