Login delay is 5
Starting transaction: StartAAD
Ending transaction : StartAAD with Status: Pass
Transaction : StartAAD Transaction Time in secs:10.0484
Starting transaction: PWSLogOut
Selected logout ..
Ending transaction : PWSLogOut with Status: Pass
Transaction : PWSLogOut Transaction Time in secs:1.2442
Logged out ...
Login delay is 5
Starting transaction: StartAAD
Ending transaction : StartAAD with Status: Pass
Transaction : StartAAD Transaction Time in secs:10.0405
Starting transaction: PWSLogOut
Selected logout ..
Ending transaction : PWSLogOut with Status: Pass
Transaction : PWSLogOut Transaction Time in secs:1.2326
Logged out ...
Login delay is 5
Starting transaction: StartAAD
Ending transaction : StartAAD with Status: Pass
Transaction : StartAAD Transaction Time in secs:10.0412
Starting transaction: PWSLogOut
Selected logout ..
