Login delay is 5
Starting transaction: Navigation to to the application dashboard
Step failed - capturing screen
./execution_results/Result-2021-11-11-11-50-00/RESULTS_1/2021-11-11 11-11-17_Screenshot.jpg
Starting transaction: Closing The Browser after each Scenarion
Step failed - capturing screen
./execution_results/Result-2021-11-11-11-50-00/RESULTS_1/2021-11-11 11-11-18_Screenshot.jpg
Starting transaction: Closing The Browser after each Scenarion
Ending transaction : Closing The Browser after each Scenarion with Status: Pass
Transaction : Closing The Browser after each Scenarion Transaction Time in secs:2.0176
Closed ...
Ending transaction : Closing The Browser after each Scenarion with Status: Pass
Transaction : Closing The Browser after each Scenarion Transaction Time in secs:2.2381
Closed ...
Login delay is 5
Login delay is 5
Step failed - capturing screen
./execution_results/Result-2021-11-11-11-50-00/RESULTS_1/2021-11-11 11-11-30_Screenshot.jpg
Starting transaction: Closing The Browser after each Scenarion
Screenshot error: Error: page.screenshot: Target page, context or browser has been closed
