Login delay is 5
Starting transaction: Navigation to to the application dashboard
Step failed - capturing screen
./execution_results/Result-2021-11-04-13-44-11/RESULTS_1/2021-11-04 1-11-27_Screenshot.jpg
Starting transaction: Closing The Browser after each Scenarion
Step failed - capturing screen
./execution_results/Result-2021-11-04-13-44-11/RESULTS_1/2021-11-04 1-11-27_Screenshot.jpg
Starting transaction: Closing The Browser after each Scenarion
Ending transaction : Closing The Browser after each Scenarion with Status: Pass
Transaction : Closing The Browser after each Scenarion Transaction Time in secs:5.0123
Closed ...
Ending transaction : Closing The Browser after each Scenarion with Status: Pass
Transaction : Closing The Browser after each Scenarion Transaction Time in secs:5.1289
Closed ...
Login delay is 5
Login delay is 5
Ending transaction : Closing The Browser after each Scenarion with Status: Pass
Transaction : Navigation to to the application dashboard Transaction Time in secs:11.5435
Step failed - capturing screen
./execution_results/Result-2021-11-04-13-44-11/RESULTS_1/2021-11-04 1-11-40_Screenshot.jpg
Starting transaction: Closing The Browser after each Scenarion
Screenshot error: Error: page.screenshot: Target page, context or browser has been closed
