Login delay is 5
Starting transaction: Navigation to to the application dashboard
Ending transaction : Navigation to to the application dashboard with Status: Pass
Transaction : Navigation to to the application dashboard Transaction Time in secs:10.0850
Starting transaction: Closing The Browser after each Scenarion
Ending transaction : Closing The Browser after each Scenarion with Status: Pass
Transaction : Closing The Browser after each Scenarion Transaction Time in secs:1.1941
Closed ...
Login delay is 5
Starting transaction: Navigation to to the application dashboard
Ending transaction : Navigation to to the application dashboard with Status: Pass
Transaction : Navigation to to the application dashboard Transaction Time in secs:10.0537
Starting transaction: Closing The Browser after each Scenarion
Ending transaction : Closing The Browser after each Scenarion with Status: Pass
Transaction : Closing The Browser after each Scenarion Transaction Time in secs:1.2178
Closed ...
Login delay is 5
Starting transaction: Navigation to to the application dashboard
Ending transaction : Navigation to to the application dashboard with Status: Pass
Transaction : Navigation to to the application dashboard Transaction Time in secs:10.0587
Starting transaction: Closing The Browser after each Scenarion
Starting transaction: Closing The Browser after each Scenarion
