Login delay is 5
Starting transaction: Navigation to to the application dashboard
Ending transaction : Navigation to to the application dashboard with Status: Pass
Transaction : Navigation to to the application dashboard Transaction Time in secs:18.7750
Starting transaction: Closing The Browser after each Scenarion
Ending transaction : Closing The Browser after each Scenarion with Status: Pass
Transaction : Closing The Browser after each Scenarion Transaction Time in secs:2.7462
Closed ...
Login delay is 5
Starting transaction: Navigation to to the application dashboard
Ending transaction : Navigation to to the application dashboard with Status: Pass
Transaction : Navigation to to the application dashboard Transaction Time in secs:18.7469
Starting transaction: Closing The Browser after each Scenarion
Ending transaction : Closing The Browser after each Scenarion with Status: Pass
Transaction : Closing The Browser after each Scenarion Transaction Time in secs:2.6583
Closed ...
Login delay is 5
Starting transaction: Navigation to to the application dashboard
Ending transaction : Navigation to to the application dashboard with Status: Pass
Transaction : Navigation to to the application dashboard Transaction Time in secs:18.7675
Starting transaction: Closing The Browser after each Scenarion
